<html>
<head>
<title>TestNG:  Test</title>
<link href="../testng.css" rel="stylesheet" type="text/css" />
<link href="../my-testng.css" rel="stylesheet" type="text/css" />

<style type="text/css">
.log { display: none;} 
.stack-trace { display: none;} 
</style>
<script type="text/javascript">
<!--
function flip(e) {
  current = e.style.display;
  if (current == 'block') {
    e.style.display = 'none';
    return 0;
  }
  else {
    e.style.display = 'block';
    return 1;
  }
}

function toggleBox(szDivId, elem, msg1, msg2)
{
  var res = -1;  if (document.getElementById) {
    res = flip(document.getElementById(szDivId));
  }
  else if (document.all) {
    // this is the way old msie versions work
    res = flip(document.all[szDivId]);
  }
  if(elem) {
    if(res == 0) elem.innerHTML = msg1; else elem.innerHTML = msg2;
  }

}

function toggleAllBoxes() {
  if (document.getElementsByTagName) {
    d = document.getElementsByTagName('div');
    for (i = 0; i < d.length; i++) {
      if (d[i].className == 'log') {
        flip(d[i]);
      }
    }
  }
}

// -->
</script>

</head>
<body>
<h2 align='center'>Test</h2><table border='1' align="center">
<tr>
<td>Tests passed/Failed/Skipped:</td><td>3/1/2</td>
</tr><tr>
<td>Started on:</td><td>Fri Jan 07 15:10:26 IST 2022</td>
</tr>
<tr><td>Total time:</td><td>166 seconds (166128 ms)</td>
</tr><tr>
<td>Included groups:</td><td></td>
</tr><tr>
<td>Excluded groups:</td><td></td>
</tr>
</table><p/>
<small><i>(Hover the method name to see the test class name)</i></small><p/>
<table width='100%' border='1' class='invocation-failed'>
<tr><td colspan='4' align='center'><b>FAILED TESTS</b></td></tr>
<tr><td><b>Test method</b></td>
<td width="30%"><b>Exception</b></td>
<td width="10%"><b>Time (seconds)</b></td>
<td><b>Instance</b></td>
</tr>
<tr>
<td title='tests.FlipkartAssignment.flipkartTestEdge()'><b>flipkartTestEdge</b><br>Test class: tests.FlipkartAssignment<br>Test method: To do assigned flipkart test in Edge<br>Parameters: {password=, HigherPrice=?2000, browser=edge, name=, LowerPrice=?1000, testname=flipkartTestEdge, execute=yes, version=96.0.1054.34, SearchText=red shoes, username=}</td>
<td><div><pre>java.lang.AssertionError: Just Failed
	at tests.FlipkartAssignment.flipkartTestEdge(FlipkartAssignment.java:43)
	at java.util.concurrent.ThreadPoolExecutor.runWorker(Unknown Source)
	at java.util.concurrent.ThreadPoolExecutor$Worker.run(Unknown Source)
	at java.lang.Thread.run(Unknown Source)
... Removed 13 stack frames</pre></div><a href='#' onClick='toggleBox("stack-trace1081952895", this, "Click to show all stack frames", "Click to hide stack frames")'>Click to show all stack frames</a>
<div class='stack-trace' id='stack-trace1081952895'><pre>java.lang.AssertionError: Just Failed
	at org.testng.Assert.fail(Assert.java:99)
	at tests.FlipkartAssignment.flipkartTestEdge(FlipkartAssignment.java:43)
	at sun.reflect.NativeMethodAccessorImpl.invoke0(Native Method)
	at sun.reflect.NativeMethodAccessorImpl.invoke(Unknown Source)
	at sun.reflect.DelegatingMethodAccessorImpl.invoke(Unknown Source)
	at java.lang.reflect.Method.invoke(Unknown Source)
	at org.testng.internal.MethodInvocationHelper.invokeMethod(MethodInvocationHelper.java:133)
	at org.testng.internal.TestInvoker.invokeMethod(TestInvoker.java:598)
	at org.testng.internal.TestInvoker.invokeTestMethod(TestInvoker.java:173)
	at org.testng.internal.MethodRunner.runInSequence(MethodRunner.java:46)
	at org.testng.internal.TestInvoker$MethodInvocationAgent.invoke(TestInvoker.java:824)
	at org.testng.internal.TestInvoker.invokeTestMethods(TestInvoker.java:146)
	at org.testng.internal.TestMethodWorker.invokeTestMethods(TestMethodWorker.java:146)
	at org.testng.internal.TestMethodWorker.run(TestMethodWorker.java:128)
	at java.util.concurrent.ThreadPoolExecutor.runWorker(Unknown Source)
	at java.util.concurrent.ThreadPoolExecutor$Worker.run(Unknown Source)
	at java.lang.Thread.run(Unknown Source)
</pre></div></td>
<td>0</td>
<td>tests.FlipkartAssignment@612fc6eb</td></tr>
</table><p>
<table width='100%' border='1' class='invocation-passed'>
<tr><td colspan='4' align='center'><b>PASSED TESTS</b></td></tr>
<tr><td><b>Test method</b></td>
<td width="30%"><b>Exception</b></td>
<td width="10%"><b>Time (seconds)</b></td>
<td><b>Instance</b></td>
</tr>
<tr>
<td title='tests.FlipkartAssignment.flipkartTestChrome()'><b>flipkartTestChrome</b><br>Test class: tests.FlipkartAssignment<br>Test method: To do assigned flipkart test in Chrome<br>Parameters: {password=, HigherPrice=?2000, browser=chrome, name=, LowerPrice=?1000, testname=flipkartTestChrome, execute=yes, version=96.0.4664.45 , SearchText=red shoes, username=}</td>
<td></td>
<td>0</td>
<td>tests.FlipkartAssignment@612fc6eb</td></tr>
<tr>
<td title='tests.FlipkartAssignment.flipkartTestChrome()'><b>flipkartTestChrome</b><br>Test class: tests.FlipkartAssignment<br>Test method: To do assigned flipkart test in Chrome<br>Parameters: {password=, HigherPrice=?2000, browser=chrome, name=, LowerPrice=?1000, testname=flipkartTestChrome, execute=yes, version=96.0.4664.45 , SearchText=red shoes, username=}</td>
<td></td>
<td>0</td>
<td>tests.FlipkartAssignment@612fc6eb</td></tr>
<tr>
<td title='tests.FlipkartAssignment.flipkartTestChrome()'><b>flipkartTestChrome</b><br>Test class: tests.FlipkartAssignment<br>Test method: To do assigned flipkart test in Chrome<br>Parameters: {password=, HigherPrice=?2000, browser=chrome, name=, LowerPrice=?1000, testname=flipkartTestChrome, execute=yes, version=96.0.4664.45 , SearchText=red shoes, username=}</td>
<td></td>
<td>0</td>
<td>tests.FlipkartAssignment@612fc6eb</td></tr>
</table><p>
<table width='100%' border='1' class='invocation-skipped'>
<tr><td colspan='4' align='center'><b>SKIPPED TESTS</b></td></tr>
<tr><td><b>Test method</b></td>
<td width="30%"><b>Exception</b></td>
<td width="10%"><b>Time (seconds)</b></td>
<td><b>Instance</b></td>
</tr>
<tr>
<td title='tests.FlipkartAssignment.flipkartTestFirefox()'><b>flipkartTestFirefox</b><br>Test class: tests.FlipkartAssignment<br>Test method: To do assigned flipkart test in Firefox<br>Parameters: {password=, HigherPrice=?2000, browser=firefox, name=, LowerPrice=?1000, testname=flipkartTestFirefox, execute=yes, version=94.0.2, SearchText=red shoes, username=}</td>
<td><div><pre>org.testng.SkipException: Skipping this test
	at tests.FlipkartAssignment.flipkartTestFirefox(FlipkartAssignment.java:36)
	at java.util.concurrent.ThreadPoolExecutor.runWorker(Unknown Source)
	at java.util.concurrent.ThreadPoolExecutor$Worker.run(Unknown Source)
	at java.lang.Thread.run(Unknown Source)
... Removed 12 stack frames</pre></div><a href='#' onClick='toggleBox("stack-trace1208418650", this, "Click to show all stack frames", "Click to hide stack frames")'>Click to show all stack frames</a>
<div class='stack-trace' id='stack-trace1208418650'><pre>org.testng.SkipException: Skipping this test
	at tests.FlipkartAssignment.flipkartTestFirefox(FlipkartAssignment.java:36)
	at sun.reflect.NativeMethodAccessorImpl.invoke0(Native Method)
	at sun.reflect.NativeMethodAccessorImpl.invoke(Unknown Source)
	at sun.reflect.DelegatingMethodAccessorImpl.invoke(Unknown Source)
	at java.lang.reflect.Method.invoke(Unknown Source)
	at org.testng.internal.MethodInvocationHelper.invokeMethod(MethodInvocationHelper.java:133)
	at org.testng.internal.TestInvoker.invokeMethod(TestInvoker.java:598)
	at org.testng.internal.TestInvoker.invokeTestMethod(TestInvoker.java:173)
	at org.testng.internal.MethodRunner.runInSequence(MethodRunner.java:46)
	at org.testng.internal.TestInvoker$MethodInvocationAgent.invoke(TestInvoker.java:824)
	at org.testng.internal.TestInvoker.invokeTestMethods(TestInvoker.java:146)
	at org.testng.internal.TestMethodWorker.invokeTestMethods(TestMethodWorker.java:146)
	at org.testng.internal.TestMethodWorker.run(TestMethodWorker.java:128)
	at java.util.concurrent.ThreadPoolExecutor.runWorker(Unknown Source)
	at java.util.concurrent.ThreadPoolExecutor$Worker.run(Unknown Source)
	at java.lang.Thread.run(Unknown Source)
</pre></div></td>
<td>0</td>
<td>tests.FlipkartAssignment@612fc6eb</td></tr>
<tr>
<td title='tests.FlipkartAssignment.flipkartTestFirefox()'><b>flipkartTestFirefox</b><br>Test class: tests.FlipkartAssignment<br>Test method: To do assigned flipkart test in Firefox<br>Parameters: {password=, HigherPrice=?2000, browser=firefox, name=, LowerPrice=?1000, testname=flipkartTestFirefox, execute=yes, version=94.0.2, SearchText=red shoes, username=}</td>
<td><div><pre>org.testng.SkipException: Skipping this test
	at tests.FlipkartAssignment.flipkartTestFirefox(FlipkartAssignment.java:36)
	at java.util.concurrent.ThreadPoolExecutor.runWorker(Unknown Source)
	at java.util.concurrent.ThreadPoolExecutor$Worker.run(Unknown Source)
	at java.lang.Thread.run(Unknown Source)
... Removed 12 stack frames</pre></div><a href='#' onClick='toggleBox("stack-trace1758397680", this, "Click to show all stack frames", "Click to hide stack frames")'>Click to show all stack frames</a>
<div class='stack-trace' id='stack-trace1758397680'><pre>org.testng.SkipException: Skipping this test
	at tests.FlipkartAssignment.flipkartTestFirefox(FlipkartAssignment.java:36)
	at sun.reflect.NativeMethodAccessorImpl.invoke0(Native Method)
	at sun.reflect.NativeMethodAccessorImpl.invoke(Unknown Source)
	at sun.reflect.DelegatingMethodAccessorImpl.invoke(Unknown Source)
	at java.lang.reflect.Method.invoke(Unknown Source)
	at org.testng.internal.MethodInvocationHelper.invokeMethod(MethodInvocationHelper.java:133)
	at org.testng.internal.TestInvoker.invokeMethod(TestInvoker.java:598)
	at org.testng.internal.TestInvoker.invokeTestMethod(TestInvoker.java:173)
	at org.testng.internal.MethodRunner.runInSequence(MethodRunner.java:46)
	at org.testng.internal.TestInvoker$MethodInvocationAgent.invoke(TestInvoker.java:824)
	at org.testng.internal.TestInvoker.invokeTestMethods(TestInvoker.java:146)
	at org.testng.internal.TestMethodWorker.invokeTestMethods(TestMethodWorker.java:146)
	at org.testng.internal.TestMethodWorker.run(TestMethodWorker.java:128)
	at java.util.concurrent.ThreadPoolExecutor.runWorker(Unknown Source)
	at java.util.concurrent.ThreadPoolExecutor$Worker.run(Unknown Source)
	at java.lang.Thread.run(Unknown Source)
</pre></div></td>
<td>0</td>
<td>tests.FlipkartAssignment@612fc6eb</td></tr>
</table><p>
</body>
</html>