<!DOCTYPE html PUBLIC "-//W3C//DTD XHTML 1.1//EN" "https://www.w3.org/TR/xhtml11/DTD/xhtml11.dtd">
<html xmlns="https://www.w3.org/1999/xhtml">
<head>
<meta http-equiv="content-type" content="text/html; charset=UTF-8"/>
<title>TestNG Report</title>
<style type="text/css">table {margin-bottom:10px;border-collapse:collapse;empty-cells:show}th,td {border:1px solid #009;padding:.25em .5em}th {vertical-align:bottom}td {vertical-align:top}table a {font-weight:bold}.stripe td {background-color: #E6EBF9}.num {text-align:right}.passedodd td {background-color: #3F3}.passedeven td {background-color: #0A0}.skippedodd td {background-color: #DDD}.skippedeven td {background-color: #CCC}.failedodd td,.attn {background-color: #F33}.failedeven td,.stripe .attn {background-color: #D00}.stacktrace {white-space:pre;font-family:monospace}.totop {font-size:85%;text-align:center;border-bottom:2px solid #000}.invisible {display:none}</style>
</head>
<body>
<table>
<tr><th>Test</th><th># Passed</th><th># Skipped</th><th># Retried</th><th># Failed</th><th>Time (ms)</th><th>Included Groups</th><th>Excluded Groups</th></tr>
<tr><th colspan="8">Suite</th></tr>
<tr><td><a href="#t0">Test</a></td><td class="num">3</td><td class="num attn">2</td><td class="num">0</td><td class="num attn">1</td><td class="num">166,128</td><td></td><td></td></tr>
</table>
<table id='summary'><thead><tr><th>Class</th><th>Method</th><th>Start</th><th>Time (ms)</th></tr></thead><tbody><tr><th colspan="4">Suite</th></tr></tbody><tbody id="t0"><tr><th colspan="4">Test &#8212; failed</th></tr><tr class="failedeven"><td rowspan="1">tests.FlipkartAssignment</td><td><a href="#m0">flipkartTestEdge</a></td><td rowspan="1">1641548511345</td><td rowspan="1">78</td></tr><tr><th colspan="4">Test &#8212; skipped</th></tr><tr class="skippedeven"><td rowspan="2">tests.FlipkartAssignment</td><td><a href="#m1">flipkartTestFirefox</a></td><td rowspan="2">1641548587773</td><td rowspan="2">63</td></tr><tr class="skippedeven"><td><a href="#m2">flipkartTestFirefox</a></td></tr><tr><th colspan="4">Test &#8212; passed</th></tr><tr class="passedeven"><td rowspan="3">tests.FlipkartAssignment</td><td><a href="#m3">flipkartTestChrome</a></td><td rowspan="3">1641548442751</td><td rowspan="3">314</td></tr><tr class="passedeven"><td><a href="#m4">flipkartTestChrome</a></td></tr><tr class="passedeven"><td><a href="#m5">flipkartTestChrome</a></td></tr></tbody>
</table>
<h2>Test</h2><h3 id="m0">tests.FlipkartAssignment#flipkartTestEdge</h3><table class="result"><tr class="param"><th>Parameter #1</th></tr><tr class="param stripe"><td>{password=, HigherPrice=₹2000, browser=edge, name=, LowerPrice=₹1000, testname=flipkartTestEdge, execute=yes, version=96.0.1054.34, SearchText=red shoes, username=}</td></tr><tr><th>Exception</th></tr><tr><td><div class="stacktrace">java.lang.AssertionError: Just Failed
	at tests.FlipkartAssignment.flipkartTestEdge(FlipkartAssignment.java:43)
	at java.util.concurrent.ThreadPoolExecutor.runWorker(Unknown Source)
	at java.util.concurrent.ThreadPoolExecutor$Worker.run(Unknown Source)
	at java.lang.Thread.run(Unknown Source)
... Removed 13 stack frames</div></td></tr></table><p class="totop"><a href="#summary">back to summary</a></p>
<h3 id="m1">tests.FlipkartAssignment#flipkartTestFirefox</h3><table class="result"><tr class="param"><th>Parameter #1</th></tr><tr class="param stripe"><td>{password=, HigherPrice=₹2000, browser=firefox, name=, LowerPrice=₹1000, testname=flipkartTestFirefox, execute=yes, version=94.0.2, SearchText=red shoes, username=}</td></tr><tr><th>Exception</th></tr><tr><td><div class="stacktrace">org.testng.SkipException: Skipping this test
	at tests.FlipkartAssignment.flipkartTestFirefox(FlipkartAssignment.java:36)
	at java.util.concurrent.ThreadPoolExecutor.runWorker(Unknown Source)
	at java.util.concurrent.ThreadPoolExecutor$Worker.run(Unknown Source)
	at java.lang.Thread.run(Unknown Source)
... Removed 12 stack frames</div></td></tr></table><p class="totop"><a href="#summary">back to summary</a></p>
<h3 id="m2">tests.FlipkartAssignment#flipkartTestFirefox</h3><table class="result"><tr class="param"><th>Parameter #1</th></tr><tr class="param stripe"><td>{password=, HigherPrice=₹2000, browser=firefox, name=, LowerPrice=₹1000, testname=flipkartTestFirefox, execute=yes, version=94.0.2, SearchText=red shoes, username=}</td></tr><tr><th>Exception</th></tr><tr><td><div class="stacktrace">org.testng.SkipException: Skipping this test
	at tests.FlipkartAssignment.flipkartTestFirefox(FlipkartAssignment.java:36)
	at java.util.concurrent.ThreadPoolExecutor.runWorker(Unknown Source)
	at java.util.concurrent.ThreadPoolExecutor$Worker.run(Unknown Source)
	at java.lang.Thread.run(Unknown Source)
... Removed 12 stack frames</div></td></tr></table><p class="totop"><a href="#summary">back to summary</a></p>
<h3 id="m3">tests.FlipkartAssignment#flipkartTestChrome</h3><table class="result"><tr class="param"><th>Parameter #1</th></tr><tr class="param stripe"><td>{password=, HigherPrice=₹2000, browser=chrome, name=, LowerPrice=₹1000, testname=flipkartTestChrome, execute=yes, version=96.0.4664.45 , SearchText=red shoes, username=}</td></tr></table><p class="totop"><a href="#summary">back to summary</a></p>
<h3 id="m4">tests.FlipkartAssignment#flipkartTestChrome</h3><table class="result"><tr class="param"><th>Parameter #1</th></tr><tr class="param stripe"><td>{password=, HigherPrice=₹2000, browser=chrome, name=, LowerPrice=₹1000, testname=flipkartTestChrome, execute=yes, version=96.0.4664.45 , SearchText=red shoes, username=}</td></tr></table><p class="totop"><a href="#summary">back to summary</a></p>
<h3 id="m5">tests.FlipkartAssignment#flipkartTestChrome</h3><table class="result"><tr class="param"><th>Parameter #1</th></tr><tr class="param stripe"><td>{password=, HigherPrice=₹2000, browser=chrome, name=, LowerPrice=₹1000, testname=flipkartTestChrome, execute=yes, version=96.0.4664.45 , SearchText=red shoes, username=}</td></tr></table><p class="totop"><a href="#summary">back to summary</a></p>
</body>
</html>
