<?xml version="1.0" encoding="UTF-8"?>
<testng-results skipped="2" failed="1" ignored="0" total="6" passed="3">
  <reporter-output>
  </reporter-output>
  <suite name="Suite" duration-ms="166128" started-at="2022-01-07T15:10:26 IST" finished-at="2022-01-07T15:13:12 IST">
    <groups>
    </groups>
    <test name="Test" duration-ms="166128" started-at="2022-01-07T15:10:26 IST" finished-at="2022-01-07T15:13:12 IST">
      <class name="tests.FlipkartAssignment">
        <test-method status="PASS" signature="setUp([Ljava.lang.Object;)[pri:0, instance:tests.FlipkartAssignment@612fc6eb]" name="setUp" is-config="true" duration-ms="14560" started-at="2022-01-07T15:10:28 IST" finished-at="2022-01-07T15:10:42 IST">
          <params>
            <param index="0">
              <value>
                <![CDATA[[Ljava.lang.Object;@37c7595]]>
              </value>
            </param>
          </params>
          <reporter-output>
          </reporter-output>
        </test-method> <!-- setUp -->
        <test-method status="PASS" signature="flipkartTestChrome(java.util.Map)[pri:0, instance:tests.FlipkartAssignment@612fc6eb]" name="flipkartTestChrome" duration-ms="314" started-at="2022-01-07T15:10:42 IST" description="To do assigned flipkart test in Chrome" data-provider="getData" finished-at="2022-01-07T15:10:43 IST">
          <params>
            <param index="0">
              <value>
                <![CDATA[{password=, HigherPrice=₹2000, browser=chrome, name=, LowerPrice=₹1000, testname=flipkartTestChrome, execute=yes, version=96.0.4664.45 , SearchText=red shoes, username=}]]>
              </value>
            </param>
          </params>
          <reporter-output>
          </reporter-output>
        </test-method> <!-- flipkartTestChrome -->
        <test-method status="PASS" signature="tearDown()[pri:0, instance:tests.FlipkartAssignment@612fc6eb]" name="tearDown" is-config="true" duration-ms="15428" started-at="2022-01-07T15:10:52 IST" finished-at="2022-01-07T15:11:07 IST">
          <reporter-output>
          </reporter-output>
        </test-method> <!-- tearDown -->
        <test-method status="PASS" signature="setUp([Ljava.lang.Object;)[pri:0, instance:tests.FlipkartAssignment@612fc6eb]" name="setUp" is-config="true" duration-ms="10079" started-at="2022-01-07T15:11:07 IST" finished-at="2022-01-07T15:11:17 IST">
          <params>
            <param index="0">
              <value>
                <![CDATA[[Ljava.lang.Object;@3ed242a4]]>
              </value>
            </param>
          </params>
          <reporter-output>
          </reporter-output>
        </test-method> <!-- setUp -->
        <test-method status="PASS" signature="flipkartTestChrome(java.util.Map)[pri:0, instance:tests.FlipkartAssignment@612fc6eb]" name="flipkartTestChrome" duration-ms="124" started-at="2022-01-07T15:11:17 IST" description="To do assigned flipkart test in Chrome" data-provider="getData" finished-at="2022-01-07T15:11:17 IST">
          <params>
            <param index="0">
              <value>
                <![CDATA[{password=, HigherPrice=₹2000, browser=chrome, name=, LowerPrice=₹1000, testname=flipkartTestChrome, execute=yes, version=96.0.4664.45 , SearchText=red shoes, username=}]]>
              </value>
            </param>
          </params>
          <reporter-output>
          </reporter-output>
        </test-method> <!-- flipkartTestChrome -->
        <test-method status="PASS" signature="tearDown()[pri:0, instance:tests.FlipkartAssignment@612fc6eb]" name="tearDown" is-config="true" duration-ms="3828" started-at="2022-01-07T15:11:19 IST" finished-at="2022-01-07T15:11:23 IST">
          <reporter-output>
          </reporter-output>
        </test-method> <!-- tearDown -->
        <test-method status="PASS" signature="setUp([Ljava.lang.Object;)[pri:0, instance:tests.FlipkartAssignment@612fc6eb]" name="setUp" is-config="true" duration-ms="9888" started-at="2022-01-07T15:11:23 IST" finished-at="2022-01-07T15:11:33 IST">
          <params>
            <param index="0">
              <value>
                <![CDATA[[Ljava.lang.Object;@1199fe66]]>
              </value>
            </param>
          </params>
          <reporter-output>
          </reporter-output>
        </test-method> <!-- setUp -->
        <test-method status="PASS" signature="flipkartTestChrome(java.util.Map)[pri:0, instance:tests.FlipkartAssignment@612fc6eb]" name="flipkartTestChrome" duration-ms="34" started-at="2022-01-07T15:11:33 IST" description="To do assigned flipkart test in Chrome" data-provider="getData" finished-at="2022-01-07T15:11:33 IST">
          <params>
            <param index="0">
              <value>
                <![CDATA[{password=, HigherPrice=₹2000, browser=chrome, name=, LowerPrice=₹1000, testname=flipkartTestChrome, execute=yes, version=96.0.4664.45 , SearchText=red shoes, username=}]]>
              </value>
            </param>
          </params>
          <reporter-output>
          </reporter-output>
        </test-method> <!-- flipkartTestChrome -->
        <test-method status="PASS" signature="tearDown()[pri:0, instance:tests.FlipkartAssignment@612fc6eb]" name="tearDown" is-config="true" duration-ms="3607" started-at="2022-01-07T15:11:35 IST" finished-at="2022-01-07T15:11:38 IST">
          <reporter-output>
          </reporter-output>
        </test-method> <!-- tearDown -->
        <test-method status="PASS" signature="setUp([Ljava.lang.Object;)[pri:0, instance:tests.FlipkartAssignment@612fc6eb]" name="setUp" is-config="true" duration-ms="12617" started-at="2022-01-07T15:11:38 IST" finished-at="2022-01-07T15:11:51 IST">
          <params>
            <param index="0">
              <value>
                <![CDATA[[Ljava.lang.Object;@614df0a4]]>
              </value>
            </param>
          </params>
          <reporter-output>
          </reporter-output>
        </test-method> <!-- setUp -->
        <test-method status="FAIL" signature="flipkartTestEdge(java.util.Map)[pri:0, instance:tests.FlipkartAssignment@612fc6eb]" name="flipkartTestEdge" duration-ms="78" started-at="2022-01-07T15:11:51 IST" description="To do assigned flipkart test in Edge" data-provider="getData" finished-at="2022-01-07T15:11:51 IST">
          <params>
            <param index="0">
              <value>
                <![CDATA[{password=, HigherPrice=₹2000, browser=edge, name=, LowerPrice=₹1000, testname=flipkartTestEdge, execute=yes, version=96.0.1054.34, SearchText=red shoes, username=}]]>
              </value>
            </param>
          </params>
          <exception class="java.lang.AssertionError">
            <message>
              <![CDATA[Just Failed]]>
            </message>
            <full-stacktrace>
              <![CDATA[java.lang.AssertionError: Just Failed
at org.testng.Assert.fail(Assert.java:99)
at tests.FlipkartAssignment.flipkartTestEdge(FlipkartAssignment.java:43)
at sun.reflect.NativeMethodAccessorImpl.invoke0(Native Method)
at sun.reflect.NativeMethodAccessorImpl.invoke(Unknown Source)
at sun.reflect.DelegatingMethodAccessorImpl.invoke(Unknown Source)
at java.lang.reflect.Method.invoke(Unknown Source)
at org.testng.internal.MethodInvocationHelper.invokeMethod(MethodInvocationHelper.java:133)
at org.testng.internal.TestInvoker.invokeMethod(TestInvoker.java:598)
at org.testng.internal.TestInvoker.invokeTestMethod(TestInvoker.java:173)
at org.testng.internal.MethodRunner.runInSequence(MethodRunner.java:46)
at org.testng.internal.TestInvoker$MethodInvocationAgent.invoke(TestInvoker.java:824)
at org.testng.internal.TestInvoker.invokeTestMethods(TestInvoker.java:146)
at org.testng.internal.TestMethodWorker.invokeTestMethods(TestMethodWorker.java:146)
at org.testng.internal.TestMethodWorker.run(TestMethodWorker.java:128)
at java.util.concurrent.ThreadPoolExecutor.runWorker(Unknown Source)
at java.util.concurrent.ThreadPoolExecutor$Worker.run(Unknown Source)
at java.lang.Thread.run(Unknown Source)
]]>
            </full-stacktrace>
          </exception> <!-- java.lang.AssertionError -->
          <reporter-output>
          </reporter-output>
        </test-method> <!-- flipkartTestEdge -->
        <test-method status="PASS" signature="tearDown()[pri:0, instance:tests.FlipkartAssignment@612fc6eb]" name="tearDown" is-config="true" duration-ms="11694" started-at="2022-01-07T15:12:13 IST" finished-at="2022-01-07T15:12:25 IST">
          <reporter-output>
          </reporter-output>
        </test-method> <!-- tearDown -->
        <test-method status="PASS" signature="setUp([Ljava.lang.Object;)[pri:0, instance:tests.FlipkartAssignment@612fc6eb]" name="setUp" is-config="true" duration-ms="17114" started-at="2022-01-07T15:12:25 IST" finished-at="2022-01-07T15:12:42 IST">
          <params>
            <param index="0">
              <value>
                <![CDATA[[Ljava.lang.Object;@73a2e526]]>
              </value>
            </param>
          </params>
          <reporter-output>
          </reporter-output>
        </test-method> <!-- setUp -->
        <test-method status="SKIP" signature="flipkartTestFirefox(java.util.Map)[pri:0, instance:tests.FlipkartAssignment@612fc6eb]" name="flipkartTestFirefox" duration-ms="53" started-at="2022-01-07T15:12:42 IST" description="To do assigned flipkart test in Firefox" data-provider="getData" finished-at="2022-01-07T15:12:42 IST">
          <params>
            <param index="0">
              <value>
                <![CDATA[{password=, HigherPrice=₹2000, browser=firefox, name=, LowerPrice=₹1000, testname=flipkartTestFirefox, execute=yes, version=94.0.2, SearchText=red shoes, username=}]]>
              </value>
            </param>
          </params>
          <exception class="org.testng.SkipException">
            <message>
              <![CDATA[Skipping this test]]>
            </message>
            <full-stacktrace>
              <![CDATA[org.testng.SkipException: Skipping this test
at tests.FlipkartAssignment.flipkartTestFirefox(FlipkartAssignment.java:36)
at sun.reflect.NativeMethodAccessorImpl.invoke0(Native Method)
at sun.reflect.NativeMethodAccessorImpl.invoke(Unknown Source)
at sun.reflect.DelegatingMethodAccessorImpl.invoke(Unknown Source)
at java.lang.reflect.Method.invoke(Unknown Source)
at org.testng.internal.MethodInvocationHelper.invokeMethod(MethodInvocationHelper.java:133)
at org.testng.internal.TestInvoker.invokeMethod(TestInvoker.java:598)
at org.testng.internal.TestInvoker.invokeTestMethod(TestInvoker.java:173)
at org.testng.internal.MethodRunner.runInSequence(MethodRunner.java:46)
at org.testng.internal.TestInvoker$MethodInvocationAgent.invoke(TestInvoker.java:824)
at org.testng.internal.TestInvoker.invokeTestMethods(TestInvoker.java:146)
at org.testng.internal.TestMethodWorker.invokeTestMethods(TestMethodWorker.java:146)
at org.testng.internal.TestMethodWorker.run(TestMethodWorker.java:128)
at java.util.concurrent.ThreadPoolExecutor.runWorker(Unknown Source)
at java.util.concurrent.ThreadPoolExecutor$Worker.run(Unknown Source)
at java.lang.Thread.run(Unknown Source)
]]>
            </full-stacktrace>
          </exception> <!-- org.testng.SkipException -->
          <reporter-output>
          </reporter-output>
        </test-method> <!-- flipkartTestFirefox -->
        <test-method status="PASS" signature="tearDown()[pri:0, instance:tests.FlipkartAssignment@612fc6eb]" name="tearDown" is-config="true" duration-ms="3199" started-at="2022-01-07T15:12:46 IST" finished-at="2022-01-07T15:12:49 IST">
          <reporter-output>
          </reporter-output>
        </test-method> <!-- tearDown -->
        <test-method status="PASS" signature="setUp([Ljava.lang.Object;)[pri:0, instance:tests.FlipkartAssignment@612fc6eb]" name="setUp" is-config="true" duration-ms="18439" started-at="2022-01-07T15:12:49 IST" finished-at="2022-01-07T15:13:07 IST">
          <params>
            <param index="0">
              <value>
                <![CDATA[[Ljava.lang.Object;@7d64e326]]>
              </value>
            </param>
          </params>
          <reporter-output>
          </reporter-output>
        </test-method> <!-- setUp -->
        <test-method status="SKIP" signature="flipkartTestFirefox(java.util.Map)[pri:0, instance:tests.FlipkartAssignment@612fc6eb]" name="flipkartTestFirefox" duration-ms="63" started-at="2022-01-07T15:13:07 IST" description="To do assigned flipkart test in Firefox" data-provider="getData" finished-at="2022-01-07T15:13:07 IST">
          <params>
            <param index="0">
              <value>
                <![CDATA[{password=, HigherPrice=₹2000, browser=firefox, name=, LowerPrice=₹1000, testname=flipkartTestFirefox, execute=yes, version=94.0.2, SearchText=red shoes, username=}]]>
              </value>
            </param>
          </params>
          <exception class="org.testng.SkipException">
            <message>
              <![CDATA[Skipping this test]]>
            </message>
            <full-stacktrace>
              <![CDATA[org.testng.SkipException: Skipping this test
at tests.FlipkartAssignment.flipkartTestFirefox(FlipkartAssignment.java:36)
at sun.reflect.NativeMethodAccessorImpl.invoke0(Native Method)
at sun.reflect.NativeMethodAccessorImpl.invoke(Unknown Source)
at sun.reflect.DelegatingMethodAccessorImpl.invoke(Unknown Source)
at java.lang.reflect.Method.invoke(Unknown Source)
at org.testng.internal.MethodInvocationHelper.invokeMethod(MethodInvocationHelper.java:133)
at org.testng.internal.TestInvoker.invokeMethod(TestInvoker.java:598)
at org.testng.internal.TestInvoker.invokeTestMethod(TestInvoker.java:173)
at org.testng.internal.MethodRunner.runInSequence(MethodRunner.java:46)
at org.testng.internal.TestInvoker$MethodInvocationAgent.invoke(TestInvoker.java:824)
at org.testng.internal.TestInvoker.invokeTestMethods(TestInvoker.java:146)
at org.testng.internal.TestMethodWorker.invokeTestMethods(TestMethodWorker.java:146)
at org.testng.internal.TestMethodWorker.run(TestMethodWorker.java:128)
at java.util.concurrent.ThreadPoolExecutor.runWorker(Unknown Source)
at java.util.concurrent.ThreadPoolExecutor$Worker.run(Unknown Source)
at java.lang.Thread.run(Unknown Source)
]]>
            </full-stacktrace>
          </exception> <!-- org.testng.SkipException -->
          <reporter-output>
          </reporter-output>
        </test-method> <!-- flipkartTestFirefox -->
        <test-method status="PASS" signature="tearDown()[pri:0, instance:tests.FlipkartAssignment@612fc6eb]" name="tearDown" is-config="true" duration-ms="1947" started-at="2022-01-07T15:13:10 IST" finished-at="2022-01-07T15:13:12 IST">
          <reporter-output>
          </reporter-output>
        </test-method> <!-- tearDown -->
      </class> <!-- tests.FlipkartAssignment -->
    </test> <!-- Test -->
  </suite> <!-- Suite -->
</testng-results>
