<?xml version="1.0" encoding="UTF-8"?>
<!-- Generated by org.testng.reporters.JUnitReportReporter -->
<testsuite skipped="2" hostname="DESKTOP-HRCUL5E" name="tests.FlipkartAssignment" tests="6" failures="1" timestamp="2022-01-07T15:13:17 IST" time="123.066" errors="0">
  <testcase name="flipkartTestEdge" time="30.066" classname="tests.FlipkartAssignment">
    <failure type="java.lang.AssertionError" message="Just Failed">
      <![CDATA[java.lang.AssertionError: Just Failed
at org.testng.Assert.fail(Assert.java:99)
at tests.FlipkartAssignment.flipkartTestEdge(FlipkartAssignment.java:43)
at sun.reflect.NativeMethodAccessorImpl.invoke0(Native Method)
at sun.reflect.NativeMethodAccessorImpl.invoke(Unknown Source)
at sun.reflect.DelegatingMethodAccessorImpl.invoke(Unknown Source)
at java.lang.reflect.Method.invoke(Unknown Source)
at org.testng.internal.MethodInvocationHelper.invokeMethod(MethodInvocationHelper.java:133)
at org.testng.internal.TestInvoker.invokeMethod(TestInvoker.java:598)
at org.testng.internal.TestInvoker.invokeTestMethod(TestInvoker.java:173)
at org.testng.internal.MethodRunner.runInSequence(MethodRunner.java:46)
at org.testng.internal.TestInvoker$MethodInvocationAgent.invoke(TestInvoker.java:824)
at org.testng.internal.TestInvoker.invokeTestMethods(TestInvoker.java:146)
at org.testng.internal.TestMethodWorker.invokeTestMethods(TestMethodWorker.java:146)
at org.testng.internal.TestMethodWorker.run(TestMethodWorker.java:128)
at java.util.concurrent.ThreadPoolExecutor.runWorker(Unknown Source)
at java.util.concurrent.ThreadPoolExecutor$Worker.run(Unknown Source)
at java.lang.Thread.run(Unknown Source)
]]>
    </failure>
  </testcase> <!-- flipkartTestEdge -->
  <system-out/>
  <testcase name="flipkartTestChrome" time="19.375" classname="tests.FlipkartAssignment"/>
  <system-out/>
  <testcase name="flipkartTestFirefox" time="22.109" classname="tests.FlipkartAssignment">
    <skipped/>
  </testcase> <!-- flipkartTestFirefox -->
  <system-out/>
  <testcase name="flipkartTestChrome" time="21.897" classname="tests.FlipkartAssignment"/>
  <system-out/>
  <testcase name="flipkartTestChrome" time="13.750" classname="tests.FlipkartAssignment"/>
  <system-out/>
  <testcase name="flipkartTestFirefox" time="15.869" classname="tests.FlipkartAssignment">
    <skipped/>
  </testcase> <!-- flipkartTestFirefox -->
  <system-out/>
</testsuite> <!-- tests.FlipkartAssignment -->
